metarun: Starting up job 1624
metarun: Starting parallel tasks...
/opt/intel/impi/4.1.1/intel64/bin/mpiexec.hydra -configfile /home/yidawang/.slurm/config_file.1624.aj5Bk7s6
/bin/bash: BASH_FUNC_module(): line 0: syntax error near unexpected token `)'
/bin/bash: BASH_FUNC_module(): line 0: `BASH_FUNC_module() () {  eval `/usr/bin/modulecmd bash $*`'
/bin/bash: error importing function definition for `BASH_FUNC_module'
/bin/bash: BASH_FUNC_module(): line 0: syntax error near unexpected token `)'
/bin/bash: BASH_FUNC_module(): line 0: `BASH_FUNC_module() () {  eval `/usr/bin/modulecmd bash $*`'
/bin/bash: error importing function definition for `BASH_FUNC_module'
data reading done!
blocks generation done! 216 in total.
blocks in the training set: 204
SVM selecting...
data transferring time: 16.5144s
#voxels for mask 1: 34470
#voxels for mask 2: 34470
total task: 575
1	11.89s	2	12.11s	3	12.84s	4	13.46s	5	10.91s	6	10.96s	
7	10.95s	8	11.21s	9	11.15s	10	11.22s	11	11.12s	12	10.95s	
13	11.39s	14	11.07s	15	11.17s	16	11.14s	17	11.18s	18	11.2s	
19	11.03s	20	11.49s	21	10.9s	22	11.11s	23	11.13s	24	10.94s	
25	10.97s	26	11.14s	27	10.83s	28	11.59s	29	11.14s	30	10.88s	
31	11.02s	32	11.13s	33	11.41s	34	10.88s	35	11.24s	36	11.18s	
37	11s	38	11.28s	39	10.73s	40	11.07s	41	11.11s	42	11.42s	
43	11.31s	44	11.36s	45	11.15s	46	11.56s	47	11.12s	48	11.21s	
49	11.41s	50	11.29s	51	11.36s	52	11.16s	53	11.67s	54	11.65s	
55	11.37s	56	11.21s	57	11.4s	58	11.41s	59	11.44s	60	11.61s	
61	11.56s	62	11.5s	63	11.14s	64	11.18s	65	11.84s	66	11.4s	
67	11.96s	68	11.44s	69	11.52s	70	11.7s	71	11.8s	72	11.94s	
73	12.31s	74	12.66s	75	11.59s	76	11.73s	77	11.84s	78	11.67s	
79	11.29s	80	11.38s	81	11.74s	82	11.76s	83	11.83s	84	11.68s	
85	11.8s	86	11.78s	87	12.23s	88	11.92s	89	11.96s	90	12.7s	
91	12.53s	92	12.32s	93	12.2s	94	12.48s	95	12.42s	96	13.27s	
97	12.62s	98	12.34s	99	12.41s	100	11.93s	101	11.6s	102	11.61s	
103	12.16s	104	12.25s	105	11.91s	106	11.86s	107	11.94s	108	12.26s	
109	12.03s	110	11.79s	111	12.06s	112	11.8s	113	11.88s	114	11.76s	
115	12.15s	116	12.9s	117	13.08s	118	12.55s	119	12.51s	120	13.37s	
121	12.89s	122	12.62s	123	13.43s	124	13.05s	125	13.33s	126	12.69s	
127	11.94s	128	12.11s	129	11.8s	130	12.04s	131	12.66s	132	12.01s	
133	12.45s	134	12.13s	135	12.67s	136	11.96s	137	12.2s	138	12.59s	
139	12.01s	140	12.2s	141	12.24s	142	12.1s	143	12.52s	144	12.82s	
145	13.23s	146	13.04s	147	13.06s	148	13.13s	149	13.25s	150	13.53s	
151	14.22s	152	13.9s	153	13.63s	154	13.52s	155	12.55s	156	12.44s	
157	13.15s	158	12.3s	159	12.7s	160	12.45s	161	11.94s	162	12.19s	
163	12.4s	164	12.46s	165	12.23s	166	12.27s	167	11.96s	168	12.51s	
169	12.35s	170	12.79s	171	12.25s	172	12.61s	173	12.65s	174	12.77s	
175	12.98s	176	12.43s	177	12.8s	178	12.93s	179	12.82s	180	13.47s	
181	13.44s	182	12.93s	183	12.5s	184	12.53s	185	12.04s	186	12.21s	
187	12.2s	188	12.15s	189	12.42s	190	12.31s	191	12.41s	192	12.4s	
193	12.25s	194	12.41s	195	12.63s	196	12.42s	197	12.74s	198	12.45s	
199	12.97s	200	13.04s	201	12.09s	202	12.13s	203	12.59s	204	12.9s	
205	12.83s	206	12.51s	207	12.43s	208	12.42s	209	12.8s	210	12.5s	
211	13.35s	212	12.59s	213	12.27s	214	12.52s	215	12.32s	216	12.45s	
217	12.08s	218	12.43s	219	12.36s	220	12.09s	221	11.98s	222	12.49s	
223	12.06s	224	12.22s	225	12.44s	226	12.17s	227	12.55s	228	12.54s	
229	12.59s	230	12.64s	231	12.94s	232	13.41s	233	12.26s	234	12.91s	
235	13.01s	236	13.03s	237	12.33s	238	12.44s	239	12.53s	240	12.74s	
241	12.29s	242	13s	243	13.01s	244	12.56s	245	12.6s	246	12.92s	
247	12.21s	248	12.3s	249	12.18s	250	12.34s	251	12.14s	252	12.13s	
253	12.36s	254	12.36s	255	12.48s	256	12.34s	257	12.12s	258	12.11s	
259	12.28s	260	12.34s	261	12.23s	262	12.85s	263	12.41s	264	12.83s	
265	12.69s	266	13.18s	267	12.99s	268	12.65s	269	12.39s	270	12.46s	
271	12.84s	272	12.88s	273	12.85s	274	12.86s	275	12.51s	276	13.16s	
277	12.68s	278	12.51s	279	12.35s	280	12.42s	281	12.34s	282	12.35s	
283	12.28s	284	12.72s	285	12.7s	286	12.3s	287	12.02s	288	12.33s	
289	12.27s	290	12.88s	291	12.48s	292	12.71s	293	12.75s	294	12.33s	
295	12.43s	296	13.16s	297	13.45s	298	12.96s	299	12.55s	300	13.1s	
301	12.23s	302	12.69s	303	12.82s	304	12.76s	305	12.51s	306	12.36s	
307	12.31s	308	12.34s	309	12.36s	310	12.32s	311	12.33s	312	12.42s	
313	12.46s	314	12.86s	315	12.32s	316	12.56s	317	12.44s	318	12.74s	
319	12.54s	320	12.84s	321	12.45s	322	12.56s	323	13.11s	324	13.19s	
325	13.21s	326	13.15s	327	12.87s	328	13.2s	329	13.32s	330	13.81s	
331	12.94s	332	12.74s	333	12.58s	334	13.05s	335	13.18s	336	13.56s	
337	12.39s	338	12.41s	339	12.22s	340	12.63s	341	12.56s	342	12.67s	
343	12.3s	344	12.28s	345	12.36s	346	12.42s	347	12.71s	348	12.44s	
349	12.52s	350	12.49s	351	13.19s	352	12.62s	353	12.81s	354	12.94s	
355	12.88s	356	12.82s	357	13.25s	358	12.77s	359	12.72s	360	13.31s	
361	13.35s	362	13.47s	363	13.41s	364	12.93s	365	12.93s	366	13.79s	
367	12.77s	368	12.39s	369	12.43s	370	12.24s	371	12.41s	372	12.57s	
373	12.26s	374	12.07s	375	12.58s	376	12.61s	377	12.4s	378	12.26s	
379	12.38s	380	12.4s	381	13.12s	382	12.75s	383	12.87s	384	12.62s	
385	13.15s	386	12.96s	387	12.73s	388	12.96s	389	13.22s	390	12.6s	
391	13.72s	392	13.63s	393	13.27s	394	12.46s	395	13.13s	396	13.08s	
397	12.99s	398	12.53s	399	12.39s	400	12.65s	401	12.44s	402	12.86s	
403	12.47s	404	12.53s	405	12.53s	406	12.64s	407	12.65s	408	12.55s	
409	12.7s	410	12.64s	411	12.77s	412	13.17s	413	12.73s	414	12.71s	
415	13.06s	416	12.99s	417	12.44s	418	13.12s	419	12.3s	420	13.43s	
421	12.49s	422	13.09s	423	12.97s	424	12.69s	425	13.29s	426	12.91s	
427	12.39s	428	12.54s	429	12.24s	430	12.4s	431	12.43s	432	12.6s	
433	12.28s	434	12.87s	435	12.5s	436	12.58s	437	12.22s	438	12.85s	
439	12.6s	440	12.68s	441	12.47s	442	12.58s	443	12.56s	444	12.42s	
445	12.52s	446	12.39s	447	12.74s	448	12.54s	449	12.67s	450	12.87s	
451	13.11s	452	12.77s	453	12.6s	454	12.42s	455	12.74s	456	12.7s	
457	12.85s	458	12.69s	459	12.27s	460	12.51s	461	12.56s	462	13.04s	
463	12.52s	464	12.24s	465	12.49s	466	12.1s	467	12.58s	468	12.52s	
469	12.49s	470	12.5s	471	12.22s	472	12.48s	473	12.2s	474	12.52s	
475	12.1s	476	12.69s	477	12.58s	478	13.07s	479	12.69s	480	13.1s	
481	12.8s	482	13.01s	483	13.1s	484	12.91s	485	12.65s	486	13.24s	
487	12.32s	488	12.82s	489	12.5s	490	12.78s	491	12.46s	492	12.25s	
493	12.46s	494	12.39s	495	13.11s	496	12.83s	497	12.55s	498	13.35s	
499	12.34s	500	12.6s	501	12.88s	502	12.72s	503	12.31s	504	12.43s	
505	13.07s	506	12.45s	507	12.54s	508	12.99s	509	12.98s	510	12.74s	
511	12.62s	512	12.53s	513	13.07s	514	12.95s	515	12.2s	516	12.76s	
517	12.29s	518	12.54s	519	12.44s	520	12.6s	521	12.84s	522	12.48s	
523	12.45s	524	12.81s	525	12.57s	526	12.22s	527	12.31s	528	12.73s	
529	13.4s	530	12.09s	531	13.2s	532	12.95s	533	12.6s	534	12.91s	
535	12.21s	536	12.34s	537	12.74s	538	12.63s	539	12.41s	540	12.69s	
541	12.58s	542	12.76s	543	12.7s	544	13s	545	12.71s	546	12.21s	
547	12.67s	548	12.02s	549	12.49s	550	12.54s	551	12.54s	552	12.57s	
553	12.72s	554	12.65s	555	12.95s	556	12.39s	557	13.22s	558	12.9s	
559	12.74s	560	12.67s	561	12.47s	562	13.07s	563	12.46s	564	12.66s	
565	12.4s	566	12.29s	567	12.7s	568	12.24s	569	12.63s	570	12.43s	
571	12.71s	572	12.39s	573	12.72s	574	9.324s	575	12.42s	Total length: 34470
it takes 3716.63 s to compute the whole task (exclude data reading and transferring)
 
metarun: Shutdown complete. Exiting.
